<?xml version="1.0" encoding="UTF-8"?>
<coverage generated="1591790712755" clover="3.2.0">
  <project timestamp="1591790712755" name="All files">
    <metrics statements="38" coveredstatements="5" conditionals="8" coveredconditionals="0" methods="18" coveredmethods="1" elements="64" coveredelements="6" complexity="0" loc="38" ncloc="38" packages="3" files="4" classes="4"/>
    <package name="components">
      <metrics statements="10" coveredstatements="2" conditionals="2" coveredconditionals="0" methods="8" coveredmethods="0"/>
      <file name="simple-modal.js" path="/Users/admin/Desktop/tcrb-ob-project/tcrb-ob-backoffice-frontend/components/simple-modal.js">
        <metrics statements="3" coveredstatements="0" conditionals="0" coveredconditionals="0" methods="3" coveredmethods="0"/>
        <line num="5" count="0" type="stmt"/>
        <line num="10" count="0" type="stmt"/>
        <line num="11" count="0" type="stmt"/>
      </file>
      <file name="simple-search.js" path="/Users/admin/Desktop/tcrb-ob-project/tcrb-ob-backoffice-frontend/components/simple-search.js">
        <metrics statements="7" coveredstatements="2" conditionals="2" coveredconditionals="0" methods="5" coveredmethods="0"/>
        <line num="5" count="1" type="stmt"/>
        <line num="7" count="1" type="stmt"/>
        <line num="18" count="0" type="stmt"/>
        <line num="21" count="0" type="cond" truecount="0" falsecount="2"/>
        <line num="27" count="0" type="stmt"/>
        <line num="35" count="0" type="stmt"/>
        <line num="36" count="0" type="stmt"/>
      </file>
    </package>
    <package name="components.customer-services-menu">
      <metrics statements="27" coveredstatements="3" conditionals="6" coveredconditionals="0" methods="9" coveredmethods="1"/>
      <file name="otp-unlocking.js" path="/Users/admin/Desktop/tcrb-ob-project/tcrb-ob-backoffice-frontend/components/customer-services-menu/otp-unlocking.js">
        <metrics statements="27" coveredstatements="3" conditionals="6" coveredconditionals="0" methods="9" coveredmethods="1"/>
        <line num="6" count="1" type="stmt"/>
        <line num="9" count="1" type="stmt"/>
        <line num="12" count="0" type="stmt"/>
        <line num="15" count="1" type="stmt"/>
        <line num="16" count="0" type="stmt"/>
        <line num="17" count="0" type="stmt"/>
        <line num="18" count="0" type="stmt"/>
        <line num="19" count="0" type="stmt"/>
        <line num="20" count="0" type="stmt"/>
        <line num="21" count="0" type="stmt"/>
        <line num="22" count="0" type="stmt"/>
        <line num="23" count="0" type="stmt"/>
        <line num="27" count="0" type="stmt"/>
        <line num="28" count="0" type="stmt"/>
        <line num="32" count="0" type="stmt"/>
        <line num="33" count="0" type="stmt"/>
        <line num="35" count="0" type="cond" truecount="0" falsecount="2"/>
        <line num="36" count="0" type="stmt"/>
        <line num="37" count="0" type="stmt"/>
        <line num="38" count="0" type="stmt"/>
        <line num="46" count="0" type="stmt"/>
        <line num="49" count="0" type="stmt"/>
        <line num="51" count="0" type="stmt"/>
        <line num="53" count="0" type="stmt"/>
        <line num="59" count="0" type="stmt"/>
        <line num="63" count="0" type="stmt"/>
        <line num="64" count="0" type="stmt"/>
      </file>
    </package>
    <package name="pages">
      <metrics statements="1" coveredstatements="0" conditionals="0" coveredconditionals="0" methods="1" coveredmethods="0"/>
      <file name="Natty.js" path="/Users/admin/Desktop/tcrb-ob-project/tcrb-ob-backoffice-frontend/pages/Natty.js">
        <metrics statements="1" coveredstatements="0" conditionals="0" coveredconditionals="0" methods="1" coveredmethods="0"/>
        <line num="3" count="0" type="stmt"/>
      </file>
    </package>
  </project>
</coverage>
