{"/Users/admin/Desktop/tcrb-ob-project/tcrb-ob-backoffice-frontend/components/simple-modal.js": {"path":"/Users/admin/Desktop/tcrb-ob-project/tcrb-ob-backoffice-frontend/components/simple-modal.js","statementMap":{"0":{"start":{"line":5,"column":2},"end":{"line":18,"column":3}},"1":{"start":{"line":10,"column":19},"end":{"line":10,"column":31}},"2":{"start":{"line":11,"column":24},"end":{"line":11,"column":45}}},"fnMap":{"0":{"name":"SimpleModal","decl":{"start":{"line":4,"column":24},"end":{"line":4,"column":35}},"loc":{"start":{"line":4,"column":43},"end":{"line":19,"column":1}},"line":4},"1":{"name":"(anonymous_1)","decl":{"start":{"line":10,"column":14},"end":{"line":10,"column":15}},"loc":{"start":{"line":10,"column":19},"end":{"line":10,"column":31}},"line":10},"2":{"name":"(anonymous_2)","decl":{"start":{"line":11,"column":18},"end":{"line":11,"column":19}},"loc":{"start":{"line":11,"column":24},"end":{"line":11,"column":45}},"line":11}},"branchMap":{},"s":{"0":0,"1":0,"2":0},"f":{"0":0,"1":0,"2":0},"b":{},"_coverageSchema":"1a1c01bbd47fc00a2c39e90264f33305004495a9","hash":"1ff02543d8ece2ea10e7b80e23bdde3582c75d52"}
,"/Users/admin/Desktop/tcrb-ob-project/tcrb-ob-backoffice-frontend/components/simple-search.js": {"path":"/Users/admin/Desktop/tcrb-ob-project/tcrb-ob-backoffice-frontend/components/simple-search.js","statementMap":{"0":{"start":{"line":5,"column":19},"end":{"line":5,"column":24}},"1":{"start":{"line":7,"column":21},"end":{"line":22,"column":2}},"2":{"start":{"line":18,"column":33},"end":{"line":18,"column":52}},"3":{"start":{"line":21,"column":22},"end":{"line":21,"column":60}},"4":{"start":{"line":27,"column":2},"end":{"line":41,"column":3}},"5":{"start":{"line":35,"column":27},"end":{"line":35,"column":46}},"6":{"start":{"line":36,"column":24},"end":{"line":36,"column":45}}},"fnMap":{"0":{"name":"(anonymous_0)","decl":{"start":{"line":18,"column":18},"end":{"line":18,"column":19}},"loc":{"start":{"line":18,"column":33},"end":{"line":18,"column":52}},"line":18},"1":{"name":"(anonymous_1)","decl":{"start":{"line":21,"column":13},"end":{"line":21,"column":14}},"loc":{"start":{"line":21,"column":22},"end":{"line":21,"column":60}},"line":21},"2":{"name":"SimpleSearch","decl":{"start":{"line":25,"column":24},"end":{"line":25,"column":36}},"loc":{"start":{"line":25,"column":44},"end":{"line":42,"column":1}},"line":25},"3":{"name":"(anonymous_3)","decl":{"start":{"line":35,"column":18},"end":{"line":35,"column":19}},"loc":{"start":{"line":35,"column":27},"end":{"line":35,"column":46}},"line":35},"4":{"name":"(anonymous_4)","decl":{"start":{"line":36,"column":18},"end":{"line":36,"column":19}},"loc":{"start":{"line":36,"column":24},"end":{"line":36,"column":45}},"line":36}},"branchMap":{"0":{"loc":{"start":{"line":21,"column":22},"end":{"line":21,"column":60}},"type":"cond-expr","locations":[{"start":{"line":21,"column":39},"end":{"line":21,"column":45}},{"start":{"line":21,"column":48},"end":{"line":21,"column":60}}],"line":21}},"s":{"0":1,"1":1,"2":0,"3":0,"4":0,"5":0,"6":0},"f":{"0":0,"1":0,"2":0,"3":0,"4":0},"b":{"0":[0,0]},"_coverageSchema":"1a1c01bbd47fc00a2c39e90264f33305004495a9","hash":"25603d4cf409c6426733b2ce5c9dd91e6f48d842"}
,"/Users/admin/Desktop/tcrb-ob-project/tcrb-ob-backoffice-frontend/components/customer-services-menu/otp-unlocking.js": {"path":"/Users/admin/Desktop/tcrb-ob-project/tcrb-ob-backoffice-frontend/components/customer-services-menu/otp-unlocking.js","statementMap":{"0":{"start":{"line":6,"column":43},"end":{"line":6,"column":49}},"1":{"start":{"line":9,"column":16},"end":{"line":13,"column":1}},"2":{"start":{"line":12,"column":33},"end":{"line":12,"column":53}},"3":{"start":{"line":15,"column":30},"end":{"line":15,"column":42}},"4":{"start":{"line":16,"column":34},"end":{"line":16,"column":49}},"5":{"start":{"line":17,"column":31},"end":{"line":17,"column":46}},"6":{"start":{"line":18,"column":36},"end":{"line":18,"column":51}},"7":{"start":{"line":19,"column":40},"end":{"line":19,"column":52}},"8":{"start":{"line":20,"column":29},"end":{"line":24,"column":3}},"9":{"start":{"line":21,"column":4},"end":{"line":21,"column":39}},"10":{"start":{"line":22,"column":4},"end":{"line":22,"column":20}},"11":{"start":{"line":23,"column":4},"end":{"line":23,"column":21}},"12":{"start":{"line":27,"column":20},"end":{"line":31,"column":3}},"13":{"start":{"line":28,"column":4},"end":{"line":30,"column":7}},"14":{"start":{"line":32,"column":19},"end":{"line":48,"column":3}},"15":{"start":{"line":33,"column":4},"end":{"line":33,"column":34}},"16":{"start":{"line":35,"column":4},"end":{"line":47,"column":5}},"17":{"start":{"line":36,"column":6},"end":{"line":36,"column":21}},"18":{"start":{"line":37,"column":6},"end":{"line":37,"column":24}},"19":{"start":{"line":38,"column":6},"end":{"line":44,"column":7}},"20":{"start":{"line":46,"column":6},"end":{"line":46,"column":25}},"21":{"start":{"line":49,"column":20},"end":{"line":52,"column":3}},"22":{"start":{"line":51,"column":4},"end":{"line":51,"column":20}},"23":{"start":{"line":53,"column":2},"end":{"line":71,"column":3}},"24":{"start":{"line":59,"column":60},"end":{"line":59,"column":77}},"25":{"start":{"line":63,"column":19},"end":{"line":63,"column":30}},"26":{"start":{"line":64,"column":24},"end":{"line":64,"column":40}}},"fnMap":{"0":{"name":"(anonymous_0)","decl":{"start":{"line":12,"column":18},"end":{"line":12,"column":19}},"loc":{"start":{"line":12,"column":33},"end":{"line":12,"column":53}},"line":12},"1":{"name":"OtpUnlocking","decl":{"start":{"line":14,"column":24},"end":{"line":14,"column":36}},"loc":{"start":{"line":14,"column":39},"end":{"line":72,"column":1}},"line":14},"2":{"name":"(anonymous_2)","decl":{"start":{"line":20,"column":29},"end":{"line":20,"column":30}},"loc":{"start":{"line":20,"column":40},"end":{"line":24,"column":3}},"line":20},"3":{"name":"(anonymous_3)","decl":{"start":{"line":27,"column":20},"end":{"line":27,"column":21}},"loc":{"start":{"line":27,"column":26},"end":{"line":31,"column":3}},"line":27},"4":{"name":"(anonymous_4)","decl":{"start":{"line":32,"column":19},"end":{"line":32,"column":20}},"loc":{"start":{"line":32,"column":30},"end":{"line":48,"column":3}},"line":32},"5":{"name":"(anonymous_5)","decl":{"start":{"line":49,"column":20},"end":{"line":49,"column":21}},"loc":{"start":{"line":49,"column":26},"end":{"line":52,"column":3}},"line":49},"6":{"name":"(anonymous_6)","decl":{"start":{"line":59,"column":49},"end":{"line":59,"column":50}},"loc":{"start":{"line":59,"column":60},"end":{"line":59,"column":77}},"line":59},"7":{"name":"(anonymous_7)","decl":{"start":{"line":63,"column":14},"end":{"line":63,"column":15}},"loc":{"start":{"line":63,"column":19},"end":{"line":63,"column":30}},"line":63},"8":{"name":"(anonymous_8)","decl":{"start":{"line":64,"column":18},"end":{"line":64,"column":19}},"loc":{"start":{"line":64,"column":24},"end":{"line":64,"column":40}},"line":64}},"branchMap":{"0":{"loc":{"start":{"line":35,"column":4},"end":{"line":47,"column":5}},"type":"if","locations":[{"start":{"line":35,"column":4},"end":{"line":47,"column":5}},{"start":{"line":35,"column":4},"end":{"line":47,"column":5}}],"line":35},"1":{"loc":{"start":{"line":58,"column":7},"end":{"line":61,"column":20}},"type":"cond-expr","locations":[{"start":{"line":58,"column":21},"end":{"line":61,"column":12}},{"start":{"line":61,"column":17},"end":{"line":61,"column":19}}],"line":58},"2":{"loc":{"start":{"line":60,"column":9},"end":{"line":60,"column":101}},"type":"cond-expr","locations":[{"start":{"line":60,"column":22},"end":{"line":60,"column":54}},{"start":{"line":60,"column":59},"end":{"line":60,"column":100}}],"line":60}},"s":{"0":1,"1":1,"2":0,"3":1,"4":0,"5":0,"6":0,"7":0,"8":0,"9":0,"10":0,"11":0,"12":0,"13":0,"14":0,"15":0,"16":0,"17":0,"18":0,"19":0,"20":0,"21":0,"22":0,"23":0,"24":0,"25":0,"26":0},"f":{"0":0,"1":1,"2":0,"3":0,"4":0,"5":0,"6":0,"7":0,"8":0},"b":{"0":[0,0],"1":[0,0],"2":[0,0]},"_coverageSchema":"1a1c01bbd47fc00a2c39e90264f33305004495a9","hash":"c7c139235c3482bad205cf62e426a3b68cff16d8"}
,"/Users/admin/Desktop/tcrb-ob-project/tcrb-ob-backoffice-frontend/pages/Natty.js": {"path":"/Users/admin/Desktop/tcrb-ob-project/tcrb-ob-backoffice-frontend/pages/Natty.js","statementMap":{"0":{"start":{"line":3,"column":2},"end":{"line":7,"column":4}}},"fnMap":{"0":{"name":"Natty","decl":{"start":{"line":2,"column":9},"end":{"line":2,"column":14}},"loc":{"start":{"line":2,"column":17},"end":{"line":8,"column":1}},"line":2}},"branchMap":{},"s":{"0":0},"f":{"0":0},"b":{},"_coverageSchema":"1a1c01bbd47fc00a2c39e90264f33305004495a9","hash":"23cba9d898b0a57846fd580a7ac1a75a5a461040"}
}
